#
# There is insufficient memory for the Java Runtime Environment to continue.
# Native memory allocation (mmap) failed to map 67108864 bytes for G1 virtual space
# Possible reasons:
#   The system is out of physical RAM or swap space
#   The process is running with CompressedOops enabled, and the Java Heap may be blocking the growth of the native heap
# Possible solutions:
#   Reduce memory load on the system
#   Increase physical memory or swap space
#   Check if swap backing store is full
#   Decrease Java heap size (-Xmx/-Xms)
#   Decrease number of Java threads
#   Decrease Java thread stack sizes (-Xss)
#   Set larger code cache with -XX:ReservedCodeCacheSize=
#   JVM is running with Zero Based Compressed Oops mode in which the Java heap is
#     placed in the first 32GB address space. The Java Heap base address is the
#     maximum limit for the native heap growth. Please use -XX:HeapBaseMinAddress
#     to set the Java Heap base and to place the Java Heap above 32GB virtual address.
# This output file may be truncated or incomplete.
#
#  Out of Memory Error (os_windows.cpp:3530), pid=12588, tid=10080
#
# JRE version: OpenJDK Runtime Environment Corretto-18.0.2.9.1 (18.0.2+9) (build 18.0.2+9-FR)
# Java VM: OpenJDK 64-Bit Server VM Corretto-18.0.2.9.1 (18.0.2+9-FR, mixed mode, emulated-client, sharing, tiered, compressed oops, compressed class ptrs, g1 gc, windows-amd64)
# No core dump will be written. Minidumps are not enabled by default on client versions of Windows
#

---------------  S U M M A R Y ------------

Command Line: -agentlib:jdwp=transport=dt_socket,address=127.0.0.1:53296,suspend=y,server=n -agentpath:C:\Users\MSI\AppData\Local\Temp\idea_libasyncProfiler_dll_temp_folder\libasyncProfiler.dll=version,jfr,event=wall,interval=10ms,cstack=no,file=C:\Users\MSI\IdeaSnapshots\Application_2025_04_16_223447.jfr,dbghelppath=C:\Users\MSI\AppData\Local\Temp\idea_dbghelp_dll_temp_folder\dbghelp.dll,log=C:\Users\MSI\AppData\Local\Temp\Application_2025_04_16_223447.jfr.log.txt,logLevel=DEBUG -XX:TieredStopAtLevel=1 -Dspring.output.ansi.enabled=always -Dcom.sun.management.jmxremote -Dspring.jmx.enabled=true -Dspring.liveBeansView.mbeanDomain -Dspring.application.admin.enabled=true -Dmanagement.endpoints.jmx.exposure.include=* -javaagent:C:\Users\MSI\AppData\Local\JetBrains\IntelliJIdea2024.3\captureAgent\debugger-agent.jar -Dkotlinx.coroutines.debug.enable.creation.stack.trace=false -Ddebugger.agent.enable.coroutines=true -Dkotlinx.coroutines.debug.enable.flows.stack.trace=true -Dkotlinx.coroutines.debug.enable.mutable.state.flows.stack.trace=true -Dfile.encoding=UTF-8 -Dsun.stdout.encoding=UTF-8 -Dsun.stderr.encoding=UTF-8 com.lapiemo.Application

Host: Intel(R) Core(TM) i7-10750H CPU @ 2.60GHz, 12 cores, 15G,  Windows 11 , 64 bit Build 26100 (10.0.26100.3775)
Time: Wed Apr 16 22:34:53 2025 Afr. centrale Ouest elapsed time: 5.956954 seconds (0d 0h 0m 5s)

---------------  T H R E A D  ---------------

Current thread (0x0000020dd08339a0):  VMThread "VM Thread" [stack: 0x0000000f73900000,0x0000000f73a00000] [id=10080]

Stack: [0x0000000f73900000,0x0000000f73a00000]
Native frames: (J=compiled Java code, j=interpreted, Vv=VM code, C=native code)
V  [jvm.dll+0x685a2a]
V  [jvm.dll+0x82ae8d]
V  [jvm.dll+0x82c75e]
V  [jvm.dll+0x82ce03]
V  [jvm.dll+0x25ef4b]
V  [jvm.dll+0x6828ca]
V  [jvm.dll+0x67745a]
V  [jvm.dll+0x3243f9]
V  [jvm.dll+0x32ba86]
V  [jvm.dll+0x37e00a]
V  [jvm.dll+0x37e24f]
V  [jvm.dll+0x2fb50a]
V  [jvm.dll+0x2fb5b7]
V  [jvm.dll+0x33f162]
V  [jvm.dll+0x33d8f0]
V  [jvm.dll+0x2fad70]
V  [jvm.dll+0x33cecb]
V  [jvm.dll+0x831b3b]
V  [jvm.dll+0x8328c8]
V  [jvm.dll+0x832e15]
V  [jvm.dll+0x833254]
V  [jvm.dll+0x833315]
V  [jvm.dll+0x7d9cba]
V  [jvm.dll+0x6848a5]
C  [ucrtbase.dll+0x37b0]
C  [KERNEL32.DLL+0x2e8d7]
C  [ntdll.dll+0xb14fc]

VM_Operation (0x0000000f733fbf30): G1CollectForAllocation, mode: safepoint, requested by thread 0x0000020dc8a0e8f0


---------------  P R O C E S S  ---------------

Threads class SMR info:
_java_thread_list=0x0000020de79ed360, length=28, elements={
0x0000020dc8a0e8f0, 0x0000020de06e4700, 0x0000020de06e4fb0, 0x0000020de070e5c0,
0x0000020de070ee70, 0x0000020de070f720, 0x0000020de070ffd0, 0x0000020de07138a0,
0x0000020de0714190, 0x0000020de0780440, 0x0000020de08c9f20, 0x0000020de08cc430,
0x0000020de08ccf80, 0x0000020de091ccb0, 0x0000020de093dff0, 0x0000020de09408e0,
0x0000020de09cdbd0, 0x0000020de5809f80, 0x0000020de6c502d0, 0x0000020de6c507a0,
0x0000020de81d2ec0, 0x0000020de81d3860, 0x0000020de81d4200, 0x0000020de9e01080,
0x0000020de9e01550, 0x0000020de9e01ef0, 0x0000020de9e058b0, 0x0000020de9e04f10
}

Java Threads: ( => current thread )
  0x0000020dc8a0e8f0 JavaThread "main" [_thread_blocked, id=20356, stack(0x0000000f73300000,0x0000000f73400000)]
  0x0000020de06e4700 JavaThread "Reference Handler" daemon [_thread_blocked, id=13272, stack(0x0000000f73a00000,0x0000000f73b00000)]
  0x0000020de06e4fb0 JavaThread "Finalizer" daemon [_thread_blocked, id=19616, stack(0x0000000f73b00000,0x0000000f73c00000)]
  0x0000020de070e5c0 JavaThread "Signal Dispatcher" daemon [_thread_blocked, id=18668, stack(0x0000000f73c00000,0x0000000f73d00000)]
  0x0000020de070ee70 JavaThread "Attach Listener" daemon [_thread_blocked, id=4256, stack(0x0000000f73d00000,0x0000000f73e00000)]
  0x0000020de070f720 JavaThread "Service Thread" daemon [_thread_blocked, id=8512, stack(0x0000000f73e00000,0x0000000f73f00000)]
  0x0000020de070ffd0 JavaThread "Monitor Deflation Thread" daemon [_thread_blocked, id=7696, stack(0x0000000f73f00000,0x0000000f74000000)]
  0x0000020de07138a0 JavaThread "C1 CompilerThread0" daemon [_thread_blocked, id=24364, stack(0x0000000f74000000,0x0000000f74100000)]
  0x0000020de0714190 JavaThread "Sweeper thread" daemon [_thread_blocked, id=19716, stack(0x0000000f74100000,0x0000000f74200000)]
  0x0000020de0780440 JavaThread "Common-Cleaner" daemon [_thread_blocked, id=22628, stack(0x0000000f74200000,0x0000000f74300000)]
  0x0000020de08c9f20 JavaThread "C1 CompilerThread1" daemon [_thread_blocked, id=18820, stack(0x0000000f74300000,0x0000000f74400000)]
  0x0000020de08cc430 JavaThread "C1 CompilerThread2" daemon [_thread_blocked, id=12052, stack(0x0000000f74400000,0x0000000f74500000)]
  0x0000020de08ccf80 JavaThread "C1 CompilerThread3" daemon [_thread_blocked, id=24252, stack(0x0000000f74500000,0x0000000f74600000)]
  0x0000020de091ccb0 JavaThread "JDWP Transport Listener: dt_socket" daemon [_thread_blocked, id=11284, stack(0x0000000f74600000,0x0000000f74700000)]
  0x0000020de093dff0 JavaThread "JDWP Event Helper Thread" daemon [_thread_blocked, id=2428, stack(0x0000000f74700000,0x0000000f74800000)]
  0x0000020de09408e0 JavaThread "JDWP Command Reader" daemon [_thread_in_native, id=13800, stack(0x0000000f74800000,0x0000000f74900000)]
  0x0000020de09cdbd0 JavaThread "Notification Thread" daemon [_thread_blocked, id=12228, stack(0x0000000f74900000,0x0000000f74a00000)]
  0x0000020de5809f80 JavaThread "RMI TCP Accept-0" daemon [_thread_in_native, id=2560, stack(0x0000000f74a00000,0x0000000f74b00000)]
  0x0000020de6c502d0 JavaThread "RMI TCP Connection(1)-192.168.130.1" daemon [_thread_in_native, id=2028, stack(0x0000000f75600000,0x0000000f75700000)]
  0x0000020de6c507a0 JavaThread "RMI Scheduler(0)" daemon [_thread_blocked, id=19376, stack(0x0000000f75700000,0x0000000f75800000)]
  0x0000020de81d2ec0 JavaThread "Catalina-utility-1" [_thread_blocked, id=2076, stack(0x0000000f75500000,0x0000000f75600000)]
  0x0000020de81d3860 JavaThread "Catalina-utility-2" [_thread_blocked, id=1412, stack(0x0000000f75a00000,0x0000000f75b00000)]
  0x0000020de81d4200 JavaThread "container-0" [_thread_blocked, id=17588, stack(0x0000000f75b00000,0x0000000f75c00000)]
  0x0000020de9e01080 JavaThread "MVStore background writer C:/Users/MSI/Desktop/cours_info/2ING_S2/Camunda/camunda7connector/camunda-h2-database.mv.db" daemon [_thread_blocked, id=12300, stack(0x0000000f75c00000,0x0000000f75d00000)]
  0x0000020de9e01550 JavaThread "HikariPool-1 housekeeper" daemon [_thread_blocked, id=21236, stack(0x0000000f75d00000,0x0000000f75e00000)]
  0x0000020de9e01ef0 JavaThread "HikariPool-1 connection adder" daemon [_thread_blocked, id=19692, stack(0x0000000f75e00000,0x0000000f75f00000)]
  0x0000020de9e058b0 JavaThread "H2-serialization" daemon [_thread_blocked, id=13884, stack(0x0000000f75f00000,0x0000000f76000000)]
  0x0000020de9e04f10 JavaThread "H2-save" daemon [_thread_blocked, id=5172, stack(0x0000000f76000000,0x0000000f76100000)]

Other Threads:
=>0x0000020dd08339a0 VMThread "VM Thread" [stack: 0x0000000f73900000,0x0000000f73a00000] [id=10080]
  0x0000020de5791440 WatcherThread "VM Periodic Task Thread" [stack: 0x0000000f74b00000,0x0000000f74c00000] [id=14160]
  0x0000020dd0806b00 WorkerThread "GC Thread#0" [stack: 0x0000000f73400000,0x0000000f73500000] [id=7740]
  0x0000020de58b9920 WorkerThread "GC Thread#1" [stack: 0x0000000f74c00000,0x0000000f74d00000] [id=3952]
  0x0000020de58e2410 WorkerThread "GC Thread#2" [stack: 0x0000000f74d00000,0x0000000f74e00000] [id=20048]
  0x0000020de58d77c0 WorkerThread "GC Thread#3" [stack: 0x0000000f74e00000,0x0000000f74f00000] [id=7064]
  0x0000020de58ba960 WorkerThread "GC Thread#4" [stack: 0x0000000f74f00000,0x0000000f75000000] [id=19388]
  0x0000020de5951a30 WorkerThread "GC Thread#5" [stack: 0x0000000f75000000,0x0000000f75100000] [id=5592]
  0x0000020de59529f0 WorkerThread "GC Thread#6" [stack: 0x0000000f75100000,0x0000000f75200000] [id=17864]
  0x0000020de5951250 WorkerThread "GC Thread#7" [stack: 0x0000000f75200000,0x0000000f75300000] [id=21708]
  0x0000020de5952750 WorkerThread "GC Thread#8" [stack: 0x0000000f75300000,0x0000000f75400000] [id=17764]
  0x0000020de59524b0 WorkerThread "GC Thread#9" [stack: 0x0000000f75400000,0x0000000f75500000] [id=17164]
  0x0000020dd0817680 ConcurrentGCThread "G1 Main Marker" [stack: 0x0000000f73500000,0x0000000f73600000] [id=19116]
  0x0000020dd0819e80 WorkerThread "G1 Conc#0" [stack: 0x0000000f73600000,0x0000000f73700000] [id=13332]
  0x0000020de69033e0 WorkerThread "G1 Conc#1" [stack: 0x0000000f75800000,0x0000000f75900000] [id=14420]
  0x0000020de69019a0 WorkerThread "G1 Conc#2" [stack: 0x0000000f75900000,0x0000000f75a00000] [id=9352]
  0x0000020dd08af6e0 ConcurrentGCThread "G1 Refine#0" [stack: 0x0000000f73700000,0x0000000f73800000] [id=12516]
  0x0000020dd08b0db0 ConcurrentGCThread "G1 Service" [stack: 0x0000000f73800000,0x0000000f73900000] [id=13580]

Threads with active compile tasks:

VM state: at safepoint (normal execution)

VM Mutex/Monitor currently owned by a thread:  ([mutex/lock_event])
[0x0000020dd0788410] Threads_lock - owner thread: 0x0000020dd08339a0
[0x0000020dd0788260] Heap_lock - owner thread: 0x0000020dc8a0e8f0

Heap address: 0x0000000702c00000, size: 4052 MB, Compressed Oops mode: Zero based, Oop shift amount: 3

CDS archive(s) mapped at: [0x0000000800000000-0x0000000800ba0000-0x0000000800ba0000), size 12189696, SharedBaseAddress: 0x0000000800000000, ArchiveRelocationMode: 0.
Compressed class space mapped at: 0x0000000800c00000-0x0000000840c00000, reserved size: 1073741824
Narrow klass base: 0x0000000800000000, Narrow klass shift: 0, Narrow klass range: 0x100000000

GC Precious Log:
 CardTable entry size: 512
 Card Set container configuration: InlinePtr #cards 4 size 8 Array Of Cards #cards 16 size 48 Howl #buckets 8 coarsen threshold 3686 Howl Bitmap #cards 512 size 80 coarsen threshold 460 Card regions per heap region 1 cards per card region 4096
 CPUs: 12 total, 12 available
 Memory: 16201M
 Large Page Support: Disabled
 NUMA Support: Disabled
 Compressed Oops: Enabled (Zero based)
 Heap Region Size: 2M
 Heap Min Capacity: 8M
 Heap Initial Capacity: 254M
 Heap Max Capacity: 4052M
 Pre-touch: Disabled
 Parallel Workers: 10
 Concurrent Workers: 3
 Concurrent Refinement Workers: 10
 Periodic GC: Disabled

Heap:
 garbage-first heap   total 176128K, used 71950K [0x0000000702c00000, 0x0000000800000000)
  region size 2048K, 5 young (10240K), 5 survivors (10240K)
 Metaspace       used 63223K, committed 63808K, reserved 1114112K
  class space    used 8172K, committed 8448K, reserved 1048576K

Heap Regions: E=young(eden), S=young(survivor), O=old, HS=humongous(starts), HC=humongous(continues), CS=collection set, F=free, OA=open archive, CA=closed archive, TAMS=top-at-mark-start (previous, next)
|   0|0x0000000702c00000, 0x0000000702e00000, 0x0000000702e00000|100%| O|  |TAMS 0x0000000702e00000, 0x0000000702c00000| Untracked 
|   1|0x0000000702e00000, 0x0000000703000000, 0x0000000703000000|100%| O|  |TAMS 0x0000000703000000, 0x0000000702e00000| Untracked 
|   2|0x0000000703000000, 0x0000000703200000, 0x0000000703200000|100%| O|  |TAMS 0x0000000703200000, 0x0000000703000000| Untracked 
|   3|0x0000000703200000, 0x0000000703400000, 0x0000000703400000|100%| O|  |TAMS 0x0000000703400000, 0x0000000703200000| Untracked 
|   4|0x0000000703400000, 0x0000000703600000, 0x0000000703600000|100%| O|  |TAMS 0x0000000703600000, 0x0000000703400000| Untracked 
|   5|0x0000000703600000, 0x0000000703800000, 0x0000000703800000|100%| O|  |TAMS 0x0000000703800000, 0x0000000703600000| Untracked 
|   6|0x0000000703800000, 0x0000000703a00000, 0x0000000703a00000|100%| O|  |TAMS 0x0000000703a00000, 0x0000000703800000| Untracked 
|   7|0x0000000703a00000, 0x0000000703c00000, 0x0000000703c00000|100%| O|  |TAMS 0x0000000703c00000, 0x0000000703a00000| Untracked 
|   8|0x0000000703c00000, 0x0000000703e00000, 0x0000000703e00000|100%| O|  |TAMS 0x0000000703e00000, 0x0000000703c00000| Untracked 
|   9|0x0000000703e00000, 0x0000000704000000, 0x0000000704000000|100%| O|  |TAMS 0x0000000704000000, 0x0000000703e00000| Untracked 
|  10|0x0000000704000000, 0x0000000704200000, 0x0000000704200000|100%| O|  |TAMS 0x0000000704200000, 0x0000000704000000| Untracked 
|  11|0x0000000704200000, 0x0000000704400000, 0x0000000704400000|100%| O|  |TAMS 0x0000000704400000, 0x0000000704200000| Untracked 
|  12|0x0000000704400000, 0x0000000704600000, 0x0000000704600000|100%| O|  |TAMS 0x0000000704600000, 0x0000000704400000| Untracked 
|  13|0x0000000704600000, 0x0000000704800000, 0x0000000704800000|100%| O|  |TAMS 0x0000000704800000, 0x0000000704600000| Untracked 
|  14|0x0000000704800000, 0x0000000704a00000, 0x0000000704a00000|100%| O|  |TAMS 0x0000000704a00000, 0x0000000704800000| Untracked 
|  15|0x0000000704a00000, 0x0000000704b60200, 0x0000000704c00000| 68%| O|  |TAMS 0x0000000704b60200, 0x0000000704a00000| Untracked 
|  16|0x0000000704c00000, 0x0000000704e00000, 0x0000000704e00000|100%|HS|  |TAMS 0x0000000704c00000, 0x0000000704c00000| Complete 
|  17|0x0000000704e00000, 0x0000000705000000, 0x0000000705000000|100%| O|  |TAMS 0x0000000704e00000, 0x0000000704e00000| Untracked 
|  18|0x0000000705000000, 0x0000000705200000, 0x0000000705200000|100%| O|  |TAMS 0x0000000705000000, 0x0000000705000000| Untracked 
|  19|0x0000000705200000, 0x0000000705400000, 0x0000000705400000|100%| O|  |TAMS 0x0000000705200000, 0x0000000705200000| Untracked 
|  20|0x0000000705400000, 0x0000000705600000, 0x0000000705600000|100%| O|  |TAMS 0x0000000705400000, 0x0000000705400000| Untracked 
|  21|0x0000000705600000, 0x0000000705800000, 0x0000000705800000|100%| O|  |TAMS 0x0000000705600000, 0x0000000705600000| Untracked 
|  22|0x0000000705800000, 0x0000000705a00000, 0x0000000705a00000|100%| O|  |TAMS 0x0000000705800000, 0x0000000705800000| Untracked 
|  23|0x0000000705a00000, 0x0000000705c00000, 0x0000000705c00000|100%| O|  |TAMS 0x0000000705a00000, 0x0000000705a00000| Untracked 
|  24|0x0000000705c00000, 0x0000000705e00000, 0x0000000705e00000|100%| O|  |TAMS 0x0000000705c00000, 0x0000000705c00000| Untracked 
|  25|0x0000000705e00000, 0x0000000706000000, 0x0000000706000000|100%| O|  |TAMS 0x0000000705e00000, 0x0000000705e00000| Untracked 
|  26|0x0000000706000000, 0x0000000706200000, 0x0000000706200000|100%| O|  |TAMS 0x0000000706000000, 0x0000000706000000| Untracked 
|  27|0x0000000706200000, 0x0000000706400000, 0x0000000706400000|100%| O|  |TAMS 0x0000000706200000, 0x0000000706200000| Untracked 
|  28|0x0000000706400000, 0x0000000706600000, 0x0000000706600000|100%| O|  |TAMS 0x0000000706400000, 0x0000000706400000| Untracked 
|  29|0x0000000706600000, 0x0000000706800000, 0x0000000706800000|100%| O|  |TAMS 0x0000000706600000, 0x0000000706600000| Untracked 
|  30|0x0000000706800000, 0x0000000706a00000, 0x0000000706a00000|100%| O|  |TAMS 0x0000000706800000, 0x0000000706800000| Untracked 
|  31|0x0000000706a00000, 0x0000000706ab0400, 0x0000000706c00000| 34%| O|  |TAMS 0x0000000706a00000, 0x0000000706a00000| Untracked 
|  32|0x0000000706c00000, 0x0000000706c00000, 0x0000000706e00000|  0%| F|  |TAMS 0x0000000706c00000, 0x0000000706c00000| Untracked 
|  33|0x0000000706e00000, 0x0000000706e00000, 0x0000000707000000|  0%| F|  |TAMS 0x0000000706e00000, 0x0000000706e00000| Untracked 
|  34|0x0000000707000000, 0x0000000707000000, 0x0000000707200000|  0%| F|  |TAMS 0x0000000707000000, 0x0000000707000000| Untracked 
|  35|0x0000000707200000, 0x0000000707200000, 0x0000000707400000|  0%| F|  |TAMS 0x0000000707200000, 0x0000000707200000| Untracked 
|  36|0x0000000707400000, 0x0000000707400000, 0x0000000707600000|  0%| F|  |TAMS 0x0000000707400000, 0x0000000707400000| Untracked 
|  37|0x0000000707600000, 0x0000000707600000, 0x0000000707800000|  0%| F|  |TAMS 0x0000000707600000, 0x0000000707600000| Untracked 
|  38|0x0000000707800000, 0x0000000707800000, 0x0000000707a00000|  0%| F|  |TAMS 0x0000000707800000, 0x0000000707800000| Untracked 
|  39|0x0000000707a00000, 0x0000000707a00000, 0x0000000707c00000|  0%| F|  |TAMS 0x0000000707a00000, 0x0000000707a00000| Untracked 
|  40|0x0000000707c00000, 0x0000000707c00000, 0x0000000707e00000|  0%| F|  |TAMS 0x0000000707c00000, 0x0000000707c00000| Untracked 
|  41|0x0000000707e00000, 0x0000000707e333a0, 0x0000000708000000| 10%| S|CS|TAMS 0x0000000707e00000, 0x0000000707e00000| Complete 
|  42|0x0000000708000000, 0x0000000708200000, 0x0000000708200000|100%| S|CS|TAMS 0x0000000708000000, 0x0000000708000000| Complete 
|  43|0x0000000708200000, 0x0000000708200000, 0x0000000708400000|  0%| F|  |TAMS 0x0000000708200000, 0x0000000708200000| Untracked 
|  44|0x0000000708400000, 0x0000000708400000, 0x0000000708600000|  0%| F|  |TAMS 0x0000000708400000, 0x0000000708400000| Untracked 
|  45|0x0000000708600000, 0x0000000708600000, 0x0000000708800000|  0%| F|  |TAMS 0x0000000708600000, 0x0000000708600000| Untracked 
|  46|0x0000000708800000, 0x0000000708a00000, 0x0000000708a00000|100%| S|CS|TAMS 0x0000000708800000, 0x0000000708800000| Complete 
|  47|0x0000000708a00000, 0x0000000708a00000, 0x0000000708c00000|  0%| F|  |TAMS 0x0000000708a00000, 0x0000000708a00000| Untracked 
|  48|0x0000000708c00000, 0x0000000708c00000, 0x0000000708e00000|  0%| F|  |TAMS 0x0000000708c00000, 0x0000000708c00000| Untracked 
|  49|0x0000000708e00000, 0x0000000709000000, 0x0000000709000000|100%| S|CS|TAMS 0x0000000708e00000, 0x0000000708e00000| Complete 
|  50|0x0000000709000000, 0x0000000709200000, 0x0000000709200000|100%| S|CS|TAMS 0x0000000709000000, 0x0000000709000000| Complete 
|  51|0x0000000709200000, 0x0000000709200000, 0x0000000709400000|  0%| F|  |TAMS 0x0000000709200000, 0x0000000709200000| Untracked 
|  52|0x0000000709400000, 0x0000000709400000, 0x0000000709600000|  0%| F|  |TAMS 0x0000000709400000, 0x0000000709400000| Untracked 
|  53|0x0000000709600000, 0x0000000709600000, 0x0000000709800000|  0%| F|  |TAMS 0x0000000709600000, 0x0000000709600000| Untracked 
|  54|0x0000000709800000, 0x0000000709800000, 0x0000000709a00000|  0%| F|  |TAMS 0x0000000709800000, 0x0000000709800000| Untracked 
|  55|0x0000000709a00000, 0x0000000709a00000, 0x0000000709c00000|  0%| F|  |TAMS 0x0000000709a00000, 0x0000000709a00000| Untracked 
|  56|0x0000000709c00000, 0x0000000709c00000, 0x0000000709e00000|  0%| F|  |TAMS 0x0000000709c00000, 0x0000000709c00000| Untracked 
|  57|0x0000000709e00000, 0x0000000709e00000, 0x000000070a000000|  0%| F|  |TAMS 0x0000000709e00000, 0x0000000709e00000| Untracked 
|  58|0x000000070a000000, 0x000000070a000000, 0x000000070a200000|  0%| F|  |TAMS 0x000000070a000000, 0x000000070a000000| Untracked 
|  59|0x000000070a200000, 0x000000070a200000, 0x000000070a400000|  0%| F|  |TAMS 0x000000070a200000, 0x000000070a200000| Untracked 
|  60|0x000000070a400000, 0x000000070a400000, 0x000000070a600000|  0%| F|  |TAMS 0x000000070a400000, 0x000000070a400000| Untracked 
|  61|0x000000070a600000, 0x000000070a600000, 0x000000070a800000|  0%| F|  |TAMS 0x000000070a600000, 0x000000070a600000| Untracked 
|  62|0x000000070a800000, 0x000000070a800000, 0x000000070aa00000|  0%| F|  |TAMS 0x000000070a800000, 0x000000070a800000| Untracked 
|  63|0x000000070aa00000, 0x000000070aa00000, 0x000000070ac00000|  0%| F|  |TAMS 0x000000070aa00000, 0x000000070aa00000| Untracked 
|  64|0x000000070ac00000, 0x000000070ac00000, 0x000000070ae00000|  0%| F|  |TAMS 0x000000070ac00000, 0x000000070ac00000| Untracked 
|  65|0x000000070ae00000, 0x000000070ae00000, 0x000000070b000000|  0%| F|  |TAMS 0x000000070ae00000, 0x000000070ae00000| Untracked 
|  66|0x000000070b000000, 0x000000070b000000, 0x000000070b200000|  0%| F|  |TAMS 0x000000070b000000, 0x000000070b000000| Untracked 
|  67|0x000000070b200000, 0x000000070b200000, 0x000000070b400000|  0%| F|  |TAMS 0x000000070b200000, 0x000000070b200000| Untracked 
|  68|0x000000070b400000, 0x000000070b400000, 0x000000070b600000|  0%| F|  |TAMS 0x000000070b400000, 0x000000070b400000| Untracked 
|  69|0x000000070b600000, 0x000000070b600000, 0x000000070b800000|  0%| F|  |TAMS 0x000000070b600000, 0x000000070b600000| Untracked 
|  70|0x000000070b800000, 0x000000070b800000, 0x000000070ba00000|  0%| F|  |TAMS 0x000000070b800000, 0x000000070b800000| Untracked 
|  71|0x000000070ba00000, 0x000000070ba00000, 0x000000070bc00000|  0%| F|  |TAMS 0x000000070ba00000, 0x000000070ba00000| Untracked 
|  72|0x000000070bc00000, 0x000000070bc00000, 0x000000070be00000|  0%| F|  |TAMS 0x000000070bc00000, 0x000000070bc00000| Untracked 
|  73|0x000000070be00000, 0x000000070be00000, 0x000000070c000000|  0%| F|  |TAMS 0x000000070be00000, 0x000000070be00000| Untracked 
|  74|0x000000070c000000, 0x000000070c000000, 0x000000070c200000|  0%| F|  |TAMS 0x000000070c000000, 0x000000070c000000| Untracked 
|  75|0x000000070c200000, 0x000000070c200000, 0x000000070c400000|  0%| F|  |TAMS 0x000000070c200000, 0x000000070c200000| Untracked 
|  76|0x000000070c400000, 0x000000070c400000, 0x000000070c600000|  0%| F|  |TAMS 0x000000070c400000, 0x000000070c400000| Untracked 
|  77|0x000000070c600000, 0x000000070c600000, 0x000000070c800000|  0%| F|  |TAMS 0x000000070c600000, 0x000000070c600000| Untracked 
|  78|0x000000070c800000, 0x000000070c800000, 0x000000070ca00000|  0%| F|  |TAMS 0x000000070c800000, 0x000000070c800000| Untracked 
|  79|0x000000070ca00000, 0x000000070ca00000, 0x000000070cc00000|  0%| F|  |TAMS 0x000000070ca00000, 0x000000070ca00000| Untracked 
|  80|0x000000070cc00000, 0x000000070cc00000, 0x000000070ce00000|  0%| F|  |TAMS 0x000000070cc00000, 0x000000070cc00000| Untracked 
|  81|0x000000070ce00000, 0x000000070ce00000, 0x000000070d000000|  0%| F|  |TAMS 0x000000070ce00000, 0x000000070ce00000| Untracked 
|  82|0x000000070d000000, 0x000000070d000000, 0x000000070d200000|  0%| F|  |TAMS 0x000000070d000000, 0x000000070d000000| Untracked 
|  83|0x000000070d200000, 0x000000070d200000, 0x000000070d400000|  0%| F|  |TAMS 0x000000070d200000, 0x000000070d200000| Untracked 
|  84|0x000000070d400000, 0x000000070d400000, 0x000000070d600000|  0%| F|  |TAMS 0x000000070d400000, 0x000000070d400000| Untracked 
| 126|0x0000000712800000, 0x0000000712800000, 0x0000000712a00000|  0%| F|  |TAMS 0x0000000712800000, 0x0000000712800000| Untracked 

Card table byte_map: [0x0000020dd4c20000,0x0000020dd5410000] _byte_map_base: 0x0000020dd140a000

Marking Bits (Prev, Next): (CMBitMap*) 0x0000020dd0807050, (CMBitMap*) 0x0000020dd0807010
 Prev Bits: [0x0000020dd9b50000, 0x0000020dddaa0000)
 Next Bits: [0x0000020dd5c00000, 0x0000020dd9b50000)

Polling page: 0x0000020dc6870000

Metaspace:

Usage:
  Non-class:     53.76 MB used.
      Class:      7.98 MB used.
       Both:     61.74 MB used.

Virtual space:
  Non-class space:       64.00 MB reserved,      54.06 MB ( 84%) committed,  1 nodes.
      Class space:        1.00 GB reserved,       8.25 MB ( <1%) committed,  1 nodes.
             Both:        1.06 GB reserved,      62.31 MB (  6%) committed. 

Chunk freelists:
   Non-Class:  1.16 MB
       Class:  3.75 MB
        Both:  4.91 MB

MaxMetaspaceSize: unlimited
CompressedClassSpaceSize: 1.00 GB
Initial GC threshold: 21.00 MB
Current GC threshold: 99.38 MB
CDS: on
MetaspaceReclaimPolicy: balanced
 - commit_granule_bytes: 65536.
 - commit_granule_words: 8192.
 - virtual_space_node_default_size: 8388608.
 - enlarge_chunks_in_place: 1.
 - new_chunks_are_fully_committed: 0.
 - uncommit_free_chunks: 1.
 - use_allocation_guard: 0.


Internal statistics:

num_allocs_failed_limit: 9.
num_arena_births: 838.
num_arena_deaths: 0.
num_vsnodes_births: 2.
num_vsnodes_deaths: 0.
num_space_committed: 997.
num_space_uncommitted: 0.
num_chunks_returned_to_freelist: 9.
num_chunks_taken_from_freelist: 2718.
num_chunk_merges: 6.
num_chunk_splits: 1984.
num_chunks_enlarged: 1602.
num_inconsistent_stats: 0.

CodeCache: size=49152Kb used=17210Kb max_used=17210Kb free=31941Kb
 bounds [0x0000020dd0920000, 0x0000020dd19f0000, 0x0000020dd3920000]
 total_blobs=7327 nmethods=6702 adapters=549
 compilation: enabled
              stopped_count=0, restarted_count=0
 full_count=0

Compilation events (20 events):
Event: 5.890 Thread 0x0000020de08c9f20 6761       1       com.sun.org.apache.xerces.internal.impl.dtd.XMLContentSpec::<init> (9 bytes)
Event: 5.890 Thread 0x0000020de07138a0 6762       1       com.sun.org.apache.xerces.internal.impl.dtd.XMLContentSpec::clear (16 bytes)
Event: 5.890 Thread 0x0000020de08c9f20 nmethod 6761 0x0000020dd19eb090 code [0x0000020dd19eb220, 0x0000020dd19eb358]
Event: 5.890 Thread 0x0000020de07138a0 nmethod 6762 0x0000020dd19eb490 code [0x0000020dd19eb620, 0x0000020dd19eb758]
Event: 5.905 Thread 0x0000020de08ccf80 6763       1       org.apache.ibatis.scripting.xmltags.XMLScriptBuilder::access$100 (5 bytes)
Event: 5.905 Thread 0x0000020de08ccf80 nmethod 6763 0x0000020dd19eb810 code [0x0000020dd19eb9a0, 0x0000020dd19eba58]
Event: 5.908 Thread 0x0000020de08ccf80 6764   !   1       jdk.xml.internal.JdkXmlFeatures::getSystemProperty (83 bytes)
Event: 5.908 Thread 0x0000020de08ccf80 nmethod 6764 0x0000020dd19ebb10 code [0x0000020dd19ebda0, 0x0000020dd19ec658]
Event: 5.913 Thread 0x0000020de08c9f20 6766       1       org.apache.ibatis.mapping.ResultMap::access$402 (7 bytes)
Event: 5.913 Thread 0x0000020de08cc430 6767       1       org.apache.ibatis.mapping.ResultMap::access$902 (7 bytes)
Event: 5.913 Thread 0x0000020de08ccf80 6769       1       org.apache.ibatis.mapping.ResultMap::access$1002 (7 bytes)
Event: 5.913 Thread 0x0000020de07138a0 6770       1       org.apache.ibatis.mapping.ResultMap::access$1102 (7 bytes)
Event: 5.914 Thread 0x0000020de08cc430 nmethod 6767 0x0000020dd19ed610 code [0x0000020dd19ed7a0, 0x0000020dd19ed8b8]
Event: 5.914 Thread 0x0000020de08c9f20 nmethod 6766 0x0000020dd19ed990 code [0x0000020dd19edb20, 0x0000020dd19edc38]
Event: 5.914 Thread 0x0000020de08cc430 6765       1       org.apache.ibatis.mapping.ResultMap::access$200 (5 bytes)
Event: 5.914 Thread 0x0000020de08c9f20 6768       1       org.apache.ibatis.mapping.ResultMap::access$1000 (5 bytes)
Event: 5.914 Thread 0x0000020de08ccf80 nmethod 6769 0x0000020dd19edd10 code [0x0000020dd19edea0, 0x0000020dd19edfb8]
Event: 5.914 Thread 0x0000020de07138a0 nmethod 6770 0x0000020dd19ee090 code [0x0000020dd19ee220, 0x0000020dd19ee338]
Event: 5.914 Thread 0x0000020de08cc430 nmethod 6765 0x0000020dd19ee410 code [0x0000020dd19ee5a0, 0x0000020dd19ee658]
Event: 5.914 Thread 0x0000020de08c9f20 nmethod 6768 0x0000020dd19ee710 code [0x0000020dd19ee8a0, 0x0000020dd19ee958]

GC Heap History (20 events):
Event: 3.414 GC heap after
{Heap after GC invocations=13 (full 0):
 garbage-first heap   total 163840K, used 33461K [0x0000000702c00000, 0x0000000800000000)
  region size 2048K, 1 young (2048K), 1 survivors (2048K)
 Metaspace       used 44733K, committed 45376K, reserved 1114112K
  class space    used 5836K, committed 6144K, reserved 1048576K
}
Event: 3.656 GC heap before
{Heap before GC invocations=13 (full 0):
 garbage-first heap   total 163840K, used 117429K [0x0000000702c00000, 0x0000000800000000)
  region size 2048K, 42 young (86016K), 1 survivors (2048K)
 Metaspace       used 44733K, committed 45376K, reserved 1114112K
  class space    used 5836K, committed 6144K, reserved 1048576K
}
Event: 3.658 GC heap after
{Heap after GC invocations=14 (full 0):
 garbage-first heap   total 163840K, used 33182K [0x0000000702c00000, 0x0000000800000000)
  region size 2048K, 1 young (2048K), 1 survivors (2048K)
 Metaspace       used 44733K, committed 45376K, reserved 1114112K
  class space    used 5836K, committed 6144K, reserved 1048576K
}
Event: 4.062 GC heap before
{Heap before GC invocations=14 (full 0):
 garbage-first heap   total 163840K, used 127390K [0x0000000702c00000, 0x0000000800000000)
  region size 2048K, 48 young (98304K), 1 survivors (2048K)
 Metaspace       used 46856K, committed 47424K, reserved 1114112K
  class space    used 6088K, committed 6400K, reserved 1048576K
}
Event: 4.063 GC heap after
{Heap after GC invocations=15 (full 0):
 garbage-first heap   total 163840K, used 37651K [0x0000000702c00000, 0x0000000800000000)
  region size 2048K, 3 young (6144K), 3 survivors (6144K)
 Metaspace       used 46856K, committed 47424K, reserved 1114112K
  class space    used 6088K, committed 6400K, reserved 1048576K
}
Event: 4.908 GC heap before
{Heap before GC invocations=15 (full 0):
 garbage-first heap   total 163840K, used 97043K [0x0000000702c00000, 0x0000000800000000)
  region size 2048K, 33 young (67584K), 3 survivors (6144K)
 Metaspace       used 60142K, committed 60736K, reserved 1114112K
  class space    used 7734K, committed 8064K, reserved 1048576K
}
Event: 4.911 GC heap after
{Heap after GC invocations=16 (full 0):
 garbage-first heap   total 163840K, used 39468K [0x0000000702c00000, 0x0000000800000000)
  region size 2048K, 4 young (8192K), 4 survivors (8192K)
 Metaspace       used 60142K, committed 60736K, reserved 1114112K
  class space    used 7734K, committed 8064K, reserved 1048576K
}
Event: 5.170 GC heap before
{Heap before GC invocations=17 (full 0):
 garbage-first heap   total 143360K, used 127532K [0x0000000702c00000, 0x0000000800000000)
  region size 2048K, 46 young (94208K), 4 survivors (8192K)
 Metaspace       used 62030K, committed 62656K, reserved 1114112K
  class space    used 8025K, committed 8320K, reserved 1048576K
}
Event: 5.174 GC heap after
{Heap after GC invocations=18 (full 0):
 garbage-first heap   total 143360K, used 45381K [0x0000000702c00000, 0x0000000800000000)
  region size 2048K, 6 young (12288K), 6 survivors (12288K)
 Metaspace       used 62030K, committed 62656K, reserved 1114112K
  class space    used 8025K, committed 8320K, reserved 1048576K
}
Event: 5.301 GC heap before
{Heap before GC invocations=18 (full 0):
 garbage-first heap   total 143360K, used 108869K [0x0000000702c00000, 0x0000000800000000)
  region size 2048K, 37 young (75776K), 6 survivors (12288K)
 Metaspace       used 62301K, committed 62912K, reserved 1114112K
  class space    used 8057K, committed 8384K, reserved 1048576K
}
Event: 5.306 GC heap after
{Heap after GC invocations=19 (full 0):
 garbage-first heap   total 143360K, used 49842K [0x0000000702c00000, 0x0000000800000000)
  region size 2048K, 5 young (10240K), 5 survivors (10240K)
 Metaspace       used 62301K, committed 62912K, reserved 1114112K
  class space    used 8057K, committed 8384K, reserved 1048576K
}
Event: 5.410 GC heap before
{Heap before GC invocations=19 (full 0):
 garbage-first heap   total 143360K, used 111282K [0x0000000702c00000, 0x0000000800000000)
  region size 2048K, 35 young (71680K), 5 survivors (10240K)
 Metaspace       used 62386K, committed 62976K, reserved 1114112K
  class space    used 8069K, committed 8384K, reserved 1048576K
}
Event: 5.415 GC heap after
{Heap after GC invocations=20 (full 0):
 garbage-first heap   total 176128K, used 53656K [0x0000000702c00000, 0x0000000800000000)
  region size 2048K, 5 young (10240K), 5 survivors (10240K)
 Metaspace       used 62386K, committed 62976K, reserved 1114112K
  class space    used 8069K, committed 8384K, reserved 1048576K
}
Event: 5.579 GC heap before
{Heap before GC invocations=20 (full 0):
 garbage-first heap   total 176128K, used 135576K [0x0000000702c00000, 0x0000000800000000)
  region size 2048K, 45 young (92160K), 5 survivors (10240K)
 Metaspace       used 62641K, committed 63232K, reserved 1114112K
  class space    used 8109K, committed 8384K, reserved 1048576K
}
Event: 5.584 GC heap after
{Heap after GC invocations=21 (full 0):
 garbage-first heap   total 176128K, used 59302K [0x0000000702c00000, 0x0000000800000000)
  region size 2048K, 5 young (10240K), 5 survivors (10240K)
 Metaspace       used 62641K, committed 63232K, reserved 1114112K
  class space    used 8109K, committed 8384K, reserved 1048576K
}
Event: 5.708 GC heap before
{Heap before GC invocations=21 (full 0):
 garbage-first heap   total 176128K, used 139174K [0x0000000702c00000, 0x0000000800000000)
  region size 2048K, 44 young (90112K), 5 survivors (10240K)
 Metaspace       used 62759K, committed 63360K, reserved 1114112K
  class space    used 8120K, committed 8448K, reserved 1048576K
}
Event: 5.714 GC heap after
{Heap after GC invocations=22 (full 0):
 garbage-first heap   total 176128K, used 63859K [0x0000000702c00000, 0x0000000800000000)
  region size 2048K, 5 young (10240K), 5 survivors (10240K)
 Metaspace       used 62759K, committed 63360K, reserved 1114112K
  class space    used 8120K, committed 8448K, reserved 1048576K
}
Event: 5.834 GC heap before
{Heap before GC invocations=22 (full 0):
 garbage-first heap   total 176128K, used 139635K [0x0000000702c00000, 0x0000000800000000)
  region size 2048K, 42 young (86016K), 5 survivors (10240K)
 Metaspace       used 62954K, committed 63552K, reserved 1114112K
  class space    used 8145K, committed 8448K, reserved 1048576K
}
Event: 5.838 GC heap after
{Heap after GC invocations=23 (full 0):
 garbage-first heap   total 176128K, used 67451K [0x0000000702c00000, 0x0000000800000000)
  region size 2048K, 5 young (10240K), 5 survivors (10240K)
 Metaspace       used 62954K, committed 63552K, reserved 1114112K
  class space    used 8145K, committed 8448K, reserved 1048576K
}
Event: 5.951 GC heap before
{Heap before GC invocations=23 (full 0):
 garbage-first heap   total 176128K, used 139131K [0x0000000702c00000, 0x0000000800000000)
  region size 2048K, 40 young (81920K), 5 survivors (10240K)
 Metaspace       used 63223K, committed 63808K, reserved 1114112K
  class space    used 8172K, committed 8448K, reserved 1048576K
}

Deoptimization events (20 events):
Event: 5.910 Thread 0x0000020dc8a0e8f0 DEOPT PACKING pc=0x0000020dd1792ba4 sp=0x0000000f733fcfd0
Event: 5.910 Thread 0x0000020dc8a0e8f0 DEOPT UNPACKING pc=0x0000020dd0972b43 sp=0x0000000f733fc4a8 mode 1
Event: 5.913 Thread 0x0000020dc8a0e8f0 DEOPT PACKING pc=0x0000020dd197a6e4 sp=0x0000000f733fcd40
Event: 5.913 Thread 0x0000020dc8a0e8f0 DEOPT UNPACKING pc=0x0000020dd0972b43 sp=0x0000000f733fc2a0 mode 1
Event: 5.913 Thread 0x0000020dc8a0e8f0 DEOPT PACKING pc=0x0000020dd1979b04 sp=0x0000000f733fce50
Event: 5.913 Thread 0x0000020dc8a0e8f0 DEOPT UNPACKING pc=0x0000020dd0972b43 sp=0x0000000f733fc378 mode 1
Event: 5.913 Thread 0x0000020dc8a0e8f0 DEOPT PACKING pc=0x0000020dd195c83c sp=0x0000000f733fcf30
Event: 5.913 Thread 0x0000020dc8a0e8f0 DEOPT UNPACKING pc=0x0000020dd0972b43 sp=0x0000000f733fc420 mode 1
Event: 5.913 Thread 0x0000020dc8a0e8f0 DEOPT PACKING pc=0x0000020dd197a6e4 sp=0x0000000f733fcd40
Event: 5.913 Thread 0x0000020dc8a0e8f0 DEOPT UNPACKING pc=0x0000020dd0972b43 sp=0x0000000f733fc2a0 mode 1
Event: 5.913 Thread 0x0000020dc8a0e8f0 DEOPT PACKING pc=0x0000020dd1979b04 sp=0x0000000f733fce50
Event: 5.913 Thread 0x0000020dc8a0e8f0 DEOPT UNPACKING pc=0x0000020dd0972b43 sp=0x0000000f733fc378 mode 1
Event: 5.913 Thread 0x0000020dc8a0e8f0 DEOPT PACKING pc=0x0000020dd195c83c sp=0x0000000f733fcf30
Event: 5.913 Thread 0x0000020dc8a0e8f0 DEOPT UNPACKING pc=0x0000020dd0972b43 sp=0x0000000f733fc420 mode 1
Event: 5.913 Thread 0x0000020dc8a0e8f0 DEOPT PACKING pc=0x0000020dd197a6e4 sp=0x0000000f733fcd40
Event: 5.913 Thread 0x0000020dc8a0e8f0 DEOPT UNPACKING pc=0x0000020dd0972b43 sp=0x0000000f733fc2a0 mode 1
Event: 5.913 Thread 0x0000020dc8a0e8f0 DEOPT PACKING pc=0x0000020dd1979b04 sp=0x0000000f733fce50
Event: 5.913 Thread 0x0000020dc8a0e8f0 DEOPT UNPACKING pc=0x0000020dd0972b43 sp=0x0000000f733fc378 mode 1
Event: 5.913 Thread 0x0000020dc8a0e8f0 DEOPT PACKING pc=0x0000020dd195c83c sp=0x0000000f733fcf30
Event: 5.913 Thread 0x0000020dc8a0e8f0 DEOPT UNPACKING pc=0x0000020dd0972b43 sp=0x0000000f733fc420 mode 1

Classes loaded (20 events):
Event: 5.864 Loading class org/camunda/bpm/engine/task/TaskCountByCandidateGroupResult
Event: 5.864 Loading class org/camunda/bpm/engine/task/TaskCountByCandidateGroupResult done
Event: 5.871 Loading class org/camunda/bpm/engine/impl/TaskQueryImpl
Event: 5.871 Loading class org/camunda/bpm/engine/impl/TaskQueryImpl done
Event: 5.873 Loading class org/camunda/bpm/engine/impl/VariableOrderProperty
Event: 5.873 Loading class org/camunda/bpm/engine/impl/VariableOrderProperty done
Event: 5.886 Loading class org/camunda/bpm/engine/impl/TaskReportImpl
Event: 5.886 Loading class org/camunda/bpm/engine/impl/TaskReportImpl done
Event: 5.890 Loading class org/camunda/bpm/engine/impl/persistence/entity/UserEntity
Event: 5.890 Loading class org/camunda/bpm/engine/impl/persistence/entity/UserEntity done
Event: 5.896 Loading class org/camunda/bpm/engine/impl/UserQueryImpl
Event: 5.896 Loading class org/camunda/bpm/engine/impl/UserQueryImpl done
Event: 5.897 Loading class org/camunda/bpm/engine/identity/UserQuery
Event: 5.897 Loading class org/camunda/bpm/engine/identity/UserQuery done
Event: 5.912 Loading class org/camunda/bpm/engine/variable/type/ValueType
Event: 5.912 Loading class org/camunda/bpm/engine/variable/type/ValueType done
Event: 5.912 Loading class org/camunda/bpm/application/ProcessApplicationReference
Event: 5.912 Loading class org/camunda/bpm/application/ProcessApplicationReference done
Event: 5.919 Loading class org/camunda/bpm/engine/impl/VariableInstanceQueryImpl
Event: 5.919 Loading class org/camunda/bpm/engine/impl/VariableInstanceQueryImpl done

Classes unloaded (0 events):
No events

Classes redefined (1 events):
Event: 0.248 Thread 0x0000020dd08339a0 redefined class name=java.lang.Throwable, count=1

Internal exceptions (20 events):
Event: 3.536 Thread 0x0000020dc8a0e8f0 Exception <a 'sun/nio/fs/WindowsException'{0x000000070a33de28}> (0x000000070a33de28) 
thrown [s\src\hotspot\share\prims\jni.cpp, line 516]
Event: 3.626 Thread 0x0000020dc8a0e8f0 Exception <a 'sun/nio/fs/WindowsException'{0x00000007085bfbc0}> (0x00000007085bfbc0) 
thrown [s\src\hotspot\share\prims\jni.cpp, line 516]
Event: 3.714 Thread 0x0000020dc8a0e8f0 Exception <a 'sun/nio/fs/WindowsException'{0x000000070b641538}> (0x000000070b641538) 
thrown [s\src\hotspot\share\prims\jni.cpp, line 516]
Event: 3.796 Thread 0x0000020dc8a0e8f0 Exception <a 'sun/nio/fs/WindowsException'{0x00000007098c2c10}> (0x00000007098c2c10) 
thrown [s\src\hotspot\share\prims\jni.cpp, line 516]
Event: 3.962 Thread 0x0000020dc8a0e8f0 Exception <a 'sun/nio/fs/WindowsException'{0x00000007075fb540}> (0x00000007075fb540) 
thrown [s\src\hotspot\share\prims\jni.cpp, line 516]
Event: 4.203 Thread 0x0000020dc8a0e8f0 Exception <a 'java/lang/NoSuchMethodError'{0x000000070c2b2c18}: 'int java.lang.invoke.DirectMethodHandle$Holder.invokeStatic(java.lang.Object, java.lang.Object, java.lang.Object, java.lang.Object, java.lang.Object)'> (0x000000070c2b2c18) 
thrown [s\src\hotspot\share\interpreter\linkResolver.cpp, line 759]
Event: 4.271 Thread 0x0000020dc8a0e8f0 Exception <a 'java/lang/NoSuchMethodError'{0x000000070bfaf238}: 'void java.lang.invoke.Invokers$Holder.invoke_MT(java.lang.Object, java.lang.Object)'> (0x000000070bfaf238) 
thrown [s\src\hotspot\share\interpreter\linkResolver.cpp, line 759]
Event: 4.505 Thread 0x0000020dc8a0e8f0 Exception <a 'sun/nio/fs/WindowsException'{0x000000070ac2b2d0}> (0x000000070ac2b2d0) 
thrown [s\src\hotspot\share\prims\jni.cpp, line 516]
Event: 4.509 Thread 0x0000020dc8a0e8f0 Exception <a 'sun/nio/fs/WindowsException'{0x000000070ac5df78}> (0x000000070ac5df78) 
thrown [s\src\hotspot\share\prims\jni.cpp, line 516]
Event: 4.509 Thread 0x0000020dc8a0e8f0 Exception <a 'sun/nio/fs/WindowsException'{0x000000070ac5e328}> (0x000000070ac5e328) 
thrown [s\src\hotspot\share\prims\jni.cpp, line 516]
Event: 4.509 Thread 0x0000020dc8a0e8f0 Exception <a 'sun/nio/fs/WindowsException'{0x000000070ac5fa90}> (0x000000070ac5fa90) 
thrown [s\src\hotspot\share\prims\jni.cpp, line 516]
Event: 4.509 Thread 0x0000020dc8a0e8f0 Exception <a 'sun/nio/fs/WindowsException'{0x000000070ac5fe38}> (0x000000070ac5fe38) 
thrown [s\src\hotspot\share\prims\jni.cpp, line 516]
Event: 4.512 Thread 0x0000020dc8a0e8f0 Exception <a 'sun/nio/fs/WindowsException'{0x000000070ac62100}> (0x000000070ac62100) 
thrown [s\src\hotspot\share\prims\jni.cpp, line 516]
Event: 4.523 Thread 0x0000020dc8a0e8f0 Exception <a 'sun/nio/fs/WindowsException'{0x000000070ad2c460}> (0x000000070ad2c460) 
thrown [s\src\hotspot\share\prims\jni.cpp, line 516]
Event: 4.729 Thread 0x0000020dc8a0e8f0 Exception <a 'java/lang/NoSuchMethodError'{0x0000000709d8b490}: 'void java.lang.invoke.DirectMethodHandle$Holder.invokeSpecial(java.lang.Object, java.lang.Object, long)'> (0x0000000709d8b490) 
thrown [s\src\hotspot\share\interpreter\linkResolver.cpp, line 759]
Event: 4.744 Thread 0x0000020dc8a0e8f0 Exception <a 'java/lang/NoSuchMethodError'{0x0000000709a431e8}: 'java.lang.Object java.lang.invoke.DirectMethodHandle$Holder.invokeStaticInit(java.lang.Object, java.lang.Object, java.lang.Object, java.lang.Object)'> (0x0000000709a431e8) 
thrown [s\src\hotspot\share\interpreter\linkResolver.cpp, line 759]
Event: 4.899 Thread 0x0000020de9e01080 Exception <a 'java/lang/NoSuchMethodError'{0x0000000709107eb0}: 'java.lang.Object java.lang.invoke.DirectMethodHandle$Holder.newInvokeSpecial(java.lang.Object, java.lang.Object, int, int, int)'> (0x0000000709107eb0) 
thrown [s\src\hotspot\share\interpreter\linkResolver.cpp, line 759]
Event: 4.963 Thread 0x0000020dc8a0e8f0 Exception <a 'java/lang/NoSuchMethodError'{0x000000070b4395d0}: 'int java.lang.invoke.Invokers$Holder.invokeExact_MT(java.lang.Object, java.lang.Object, java.lang.Object)'> (0x000000070b4395d0) 
thrown [s\src\hotspot\share\interpreter\linkResolver.cpp, line 759]
Event: 5.004 Thread 0x0000020dc8a0e8f0 Exception <a 'java/lang/NoSuchMethodError'{0x000000070ac12fc8}: 'void java.lang.invoke.DirectMethodHandle$Holder.invokeStaticInit(java.lang.Object)'> (0x000000070ac12fc8) 
thrown [s\src\hotspot\share\interpreter\linkResolver.cpp, line 759]
Event: 5.070 Thread 0x0000020de9e01080 Exception <a 'java/lang/NoSuchMethodError'{0x0000000709b0ec38}: 'java.lang.Object java.lang.invoke.DirectMethodHandle$Holder.newInvokeSpecial(java.lang.Object, java.lang.Object, int, java.lang.Object, long)'> (0x0000000709b0ec38) 
thrown [s\src\hotspot\share\interpreter\linkResolver.cpp, line 759]

VM Operations (20 events):
Event: 4.927 Executing VM operation: G1Concurrent done
Event: 4.931 Executing VM operation: G1Concurrent
Event: 4.932 Executing VM operation: G1Concurrent done
Event: 5.074 Executing VM operation: ICBufferFull
Event: 5.074 Executing VM operation: ICBufferFull done
Event: 5.170 Executing VM operation: G1CollectForAllocation
Event: 5.174 Executing VM operation: G1CollectForAllocation done
Event: 5.301 Executing VM operation: G1CollectForAllocation
Event: 5.306 Executing VM operation: G1CollectForAllocation done
Event: 5.410 Executing VM operation: G1CollectForAllocation
Event: 5.415 Executing VM operation: G1CollectForAllocation done
Event: 5.415 Executing VM operation: Cleanup
Event: 5.416 Executing VM operation: Cleanup done
Event: 5.579 Executing VM operation: G1CollectForAllocation
Event: 5.584 Executing VM operation: G1CollectForAllocation done
Event: 5.708 Executing VM operation: G1CollectForAllocation
Event: 5.714 Executing VM operation: G1CollectForAllocation done
Event: 5.833 Executing VM operation: G1CollectForAllocation
Event: 5.838 Executing VM operation: G1CollectForAllocation done
Event: 5.951 Executing VM operation: G1CollectForAllocation

Events (20 events):
Event: 4.900 Thread 0x0000020de0714190 flushing nmethod 0x0000020dd114b890
Event: 4.900 Thread 0x0000020de0714190 flushing nmethod 0x0000020dd1166b90
Event: 4.900 Thread 0x0000020de0714190 flushing nmethod 0x0000020dd116b590
Event: 4.900 Thread 0x0000020de0714190 flushing nmethod 0x0000020dd1174090
Event: 4.900 Thread 0x0000020de0714190 flushing nmethod 0x0000020dd1180f10
Event: 4.900 Thread 0x0000020de0714190 flushing nmethod 0x0000020dd119ea10
Event: 4.900 Thread 0x0000020de0714190 flushing nmethod 0x0000020dd11fd510
Event: 4.900 Thread 0x0000020de0714190 flushing nmethod 0x0000020dd120dc90
Event: 4.901 Thread 0x0000020de0714190 flushing nmethod 0x0000020dd126f810
Event: 4.901 Thread 0x0000020de0714190 flushing nmethod 0x0000020dd12c0c90
Event: 4.901 Thread 0x0000020de0714190 flushing nmethod 0x0000020dd12c8a10
Event: 4.901 Thread 0x0000020de0714190 flushing nmethod 0x0000020dd1321c90
Event: 4.901 Thread 0x0000020de0714190 flushing nmethod 0x0000020dd1367390
Event: 4.902 Thread 0x0000020de0714190 flushing nmethod 0x0000020dd13f2190
Event: 5.071 Thread 0x0000020de9e058b0 Thread added: 0x0000020de9e058b0
Event: 5.074 Thread 0x0000020de9e04f10 Thread added: 0x0000020de9e04f10
Event: 5.362 Thread 0x0000020dead667c0 Thread added: 0x0000020dead667c0
Event: 5.366 Thread 0x0000020dead667c0 Thread exited: 0x0000020dead667c0
Event: 5.867 Thread 0x0000020dead697e0 Thread added: 0x0000020dead697e0
Event: 5.871 Thread 0x0000020dead697e0 Thread exited: 0x0000020dead697e0


Dynamic libraries:
0x00007ff6ee350000 - 0x00007ff6ee35d000 	C:\Users\MSI\.jdks\corretto-18.0.2\bin\java.exe
0x00007ffc3b820000 - 0x00007ffc3ba80000 	C:\WINDOWS\SYSTEM32\ntdll.dll
0x00007ffc3a4d0000 - 0x00007ffc3a597000 	C:\WINDOWS\System32\KERNEL32.DLL
0x00007ffc38b90000 - 0x00007ffc38f5a000 	C:\WINDOWS\System32\KERNELBASE.dll
0x00007ffc38f60000 - 0x00007ffc390ab000 	C:\WINDOWS\System32\ucrtbase.dll
0x00007ffbe7ef0000 - 0x00007ffbe7f07000 	C:\Users\MSI\.jdks\corretto-18.0.2\bin\jli.dll
0x00007ffbf14c0000 - 0x00007ffbf14d5000 	C:\Users\MSI\.jdks\corretto-18.0.2\bin\VCRUNTIME140.dll
0x00007ffc39e10000 - 0x00007ffc39fdc000 	C:\WINDOWS\System32\USER32.dll
0x00007ffc25280000 - 0x00007ffc25517000 	C:\WINDOWS\WinSxS\amd64_microsoft.windows.common-controls_6595b64144ccf1df_6.0.26100.3624_none_3e086962e3345f24\COMCTL32.dll
0x00007ffc38aa0000 - 0x00007ffc38ac7000 	C:\WINDOWS\System32\win32u.dll
0x00007ffc398a0000 - 0x00007ffc39949000 	C:\WINDOWS\System32\msvcrt.dll
0x00007ffc39620000 - 0x00007ffc3964a000 	C:\WINDOWS\System32\GDI32.dll
0x00007ffc39230000 - 0x00007ffc39361000 	C:\WINDOWS\System32\gdi32full.dll
0x00007ffc39570000 - 0x00007ffc39613000 	C:\WINDOWS\System32\msvcp_win.dll
0x00007ffc397d0000 - 0x00007ffc397ff000 	C:\WINDOWS\System32\IMM32.DLL
0x00007ffbdf740000 - 0x00007ffbdf7db000 	C:\Users\MSI\.jdks\corretto-18.0.2\bin\msvcp140.dll
0x00007ffbd2b50000 - 0x00007ffbd37c1000 	C:\Users\MSI\.jdks\corretto-18.0.2\bin\server\jvm.dll
0x00007ffc39af0000 - 0x00007ffc39ba2000 	C:\WINDOWS\System32\ADVAPI32.dll
0x00007ffc3a320000 - 0x00007ffc3a3c6000 	C:\WINDOWS\System32\sechost.dll
0x00007ffc3a930000 - 0x00007ffc3aa46000 	C:\WINDOWS\System32\RPCRT4.dll
0x00007ffc3b1d0000 - 0x00007ffc3b1d8000 	C:\WINDOWS\System32\PSAPI.DLL
0x00007ffc33e00000 - 0x00007ffc33e0a000 	C:\WINDOWS\SYSTEM32\WSOCK32.dll
0x00007ffc26490000 - 0x00007ffc264c6000 	C:\WINDOWS\SYSTEM32\WINMM.dll
0x00007ffc31f90000 - 0x00007ffc31f9b000 	C:\WINDOWS\SYSTEM32\VERSION.dll
0x00007ffc3a440000 - 0x00007ffc3a4b4000 	C:\WINDOWS\System32\WS2_32.dll
0x00007ffc378f0000 - 0x00007ffc3790a000 	C:\WINDOWS\SYSTEM32\kernel.appcore.dll
0x00007ffc12730000 - 0x00007ffc1273a000 	C:\Users\MSI\.jdks\corretto-18.0.2\bin\jimage.dll
0x00007ffc25630000 - 0x00007ffc25871000 	C:\WINDOWS\SYSTEM32\DBGHELP.DLL
0x00007ffc3a5a0000 - 0x00007ffc3a922000 	C:\WINDOWS\System32\combase.dll
0x00007ffc3a230000 - 0x00007ffc3a306000 	C:\WINDOWS\System32\OLEAUT32.dll
0x00007ffc23310000 - 0x00007ffc23349000 	C:\WINDOWS\SYSTEM32\dbgcore.DLL
0x00007ffc38a00000 - 0x00007ffc38a99000 	C:\WINDOWS\System32\bcryptPrimitives.dll
0x00007ffbde080000 - 0x00007ffbde0ba000 	C:\Users\MSI\.jdks\corretto-18.0.2\bin\jdwp.dll
0x00007ffbde1f0000 - 0x00007ffbde3fe000 	C:\Users\MSI\AppData\Local\Temp\idea_libasyncProfiler_dll_temp_folder\libasyncProfiler.dll
0x00007ffc08740000 - 0x00007ffc0874e000 	C:\Users\MSI\.jdks\corretto-18.0.2\bin\instrument.dll
0x00007ffbe0aa0000 - 0x00007ffbe0ac5000 	C:\Users\MSI\.jdks\corretto-18.0.2\bin\java.dll
0x00007ffbe7ed0000 - 0x00007ffbe7ee8000 	C:\Users\MSI\.jdks\corretto-18.0.2\bin\zip.dll
0x00007ffbde110000 - 0x00007ffbde1e6000 	C:\Users\MSI\.jdks\corretto-18.0.2\bin\jsvml.dll
0x00007ffc3aa50000 - 0x00007ffc3b179000 	C:\WINDOWS\System32\SHELL32.dll
0x00007ffc39400000 - 0x00007ffc39568000 	C:\WINDOWS\System32\wintypes.dll
0x00007ffc366a0000 - 0x00007ffc36ef2000 	C:\WINDOWS\SYSTEM32\windows.storage.dll
0x00007ffc39fe0000 - 0x00007ffc3a0cd000 	C:\WINDOWS\System32\SHCORE.dll
0x00007ffc3a3d0000 - 0x00007ffc3a434000 	C:\WINDOWS\System32\shlwapi.dll
0x00007ffc38910000 - 0x00007ffc3893f000 	C:\WINDOWS\SYSTEM32\profapi.dll
0x00007ffc04fa0000 - 0x00007ffc04fac000 	C:\Users\MSI\.jdks\corretto-18.0.2\bin\dt_socket.dll
0x00007ffc37270000 - 0x00007ffc372a3000 	C:\WINDOWS\SYSTEM32\IPHLPAPI.DLL
0x00007ffc37df0000 - 0x00007ffc37e5a000 	C:\WINDOWS\system32\mswsock.dll
0x00007ffbe7bc0000 - 0x00007ffbe7bd3000 	C:\Users\MSI\.jdks\corretto-18.0.2\bin\net.dll
0x00007ffc31b40000 - 0x00007ffc31c5d000 	C:\WINDOWS\SYSTEM32\WINHTTP.dll
0x00007ffbdf950000 - 0x00007ffbdf965000 	C:\Users\MSI\.jdks\corretto-18.0.2\bin\nio.dll
0x00007ffc37300000 - 0x00007ffc37425000 	C:\WINDOWS\SYSTEM32\DNSAPI.dll
0x00007ffc3a4c0000 - 0x00007ffc3a4ca000 	C:\WINDOWS\System32\NSI.dll
0x00007ffc31ea0000 - 0x00007ffc31eab000 	C:\Windows\System32\rasadhlp.dll
0x00007ffc30b80000 - 0x00007ffc30c05000 	C:\WINDOWS\System32\fwpuclnt.dll
0x00007ffbfad30000 - 0x00007ffbfad39000 	C:\Users\MSI\.jdks\corretto-18.0.2\bin\management.dll
0x00007ffbf9c20000 - 0x00007ffbf9c2b000 	C:\Users\MSI\.jdks\corretto-18.0.2\bin\management_ext.dll
0x00007ffc381a0000 - 0x00007ffc381bc000 	C:\WINDOWS\SYSTEM32\CRYPTSP.dll
0x00007ffc37850000 - 0x00007ffc3788a000 	C:\WINDOWS\system32\rsaenh.dll
0x00007ffc37e90000 - 0x00007ffc37ebb000 	C:\WINDOWS\SYSTEM32\USERENV.dll
0x00007ffc388e0000 - 0x00007ffc38906000 	C:\WINDOWS\SYSTEM32\bcrypt.dll
0x00007ffc38020000 - 0x00007ffc3802c000 	C:\WINDOWS\SYSTEM32\CRYPTBASE.dll
0x00007ffc31ae0000 - 0x00007ffc31aff000 	C:\WINDOWS\SYSTEM32\dhcpcsvc6.DLL
0x00007ffc31ab0000 - 0x00007ffc31ad5000 	C:\WINDOWS\SYSTEM32\dhcpcsvc.DLL
0x00007ffc1b2b0000 - 0x00007ffc1b2c8000 	C:\WINDOWS\system32\napinsp.dll
0x00007ffc18cb0000 - 0x00007ffc18cc2000 	C:\WINDOWS\System32\winrnr.dll
0x00007ffc18c50000 - 0x00007ffc18c80000 	C:\WINDOWS\system32\nlansp_c.dll
0x00007ffc31100000 - 0x00007ffc31116000 	C:\WINDOWS\system32\wshbth.dll
0x00007ffbf0400000 - 0x00007ffbf040e000 	C:\Users\MSI\.jdks\corretto-18.0.2\bin\sunmscapi.dll
0x00007ffc390b0000 - 0x00007ffc39227000 	C:\WINDOWS\System32\CRYPT32.dll
0x00007ffc382f0000 - 0x00007ffc38320000 	C:\WINDOWS\SYSTEM32\ncrypt.dll
0x00007ffc382a0000 - 0x00007ffc382df000 	C:\WINDOWS\SYSTEM32\NTASN1.dll

dbghelp: loaded successfully - version: 4.0.5 - missing functions: none
symbol engine: initialized successfully - sym options: 0x614 - pdb path: .;C:\Users\MSI\.jdks\corretto-18.0.2\bin;C:\WINDOWS\SYSTEM32;C:\WINDOWS\WinSxS\amd64_microsoft.windows.common-controls_6595b64144ccf1df_6.0.26100.3624_none_3e086962e3345f24;C:\Users\MSI\.jdks\corretto-18.0.2\bin\server;C:\Users\MSI\AppData\Local\Temp\idea_libasyncProfiler_dll_temp_folder

VM Arguments:
jvm_args: -agentlib:jdwp=transport=dt_socket,address=127.0.0.1:53296,suspend=y,server=n -agentpath:C:\Users\MSI\AppData\Local\Temp\idea_libasyncProfiler_dll_temp_folder\libasyncProfiler.dll=version,jfr,event=wall,interval=10ms,cstack=no,file=C:\Users\MSI\IdeaSnapshots\Application_2025_04_16_223447.jfr,dbghelppath=C:\Users\MSI\AppData\Local\Temp\idea_dbghelp_dll_temp_folder\dbghelp.dll,log=C:\Users\MSI\AppData\Local\Temp\Application_2025_04_16_223447.jfr.log.txt,logLevel=DEBUG -XX:TieredStopAtLevel=1 -Dspring.output.ansi.enabled=always -Dcom.sun.management.jmxremote -Dspring.jmx.enabled=true -Dspring.liveBeansView.mbeanDomain -Dspring.application.admin.enabled=true -Dmanagement.endpoints.jmx.exposure.include=* -javaagent:C:\Users\MSI\AppData\Local\JetBrains\IntelliJIdea2024.3\captureAgent\debugger-agent.jar -Dkotlinx.coroutines.debug.enable.creation.stack.trace=false -Ddebugger.agent.enable.coroutines=true -Dkotlinx.coroutines.debug.enable.flows.stack.trace=true -Dkotlinx.coroutines.debug.enable.mutable.state.flows.stack.trace=true -Dfile.encoding=UTF-8 -Dsun.stdout.encoding=UTF-8 -Dsun.stderr.encoding=UTF-8 
java_command: com.lapiemo.Application
java_class_path (initial): C:\Users\MSI\Desktop\cours_info\2ING_S2\Camunda\camunda7connector\target\classes;C:\Users\MSI\.m2\repository\org\camunda\bpm\springboot\camunda-bpm-spring-boot-starter-webapp\7.23.0\camunda-bpm-spring-boot-starter-webapp-7.23.0.jar;C:\Users\MSI\.m2\repository\org\camunda\bpm\springboot\camunda-bpm-spring-boot-starter-webapp-core\7.23.0\camunda-bpm-spring-boot-starter-webapp-core-7.23.0.jar;C:\Users\MSI\.m2\repository\org\camunda\bpm\springboot\camunda-bpm-spring-boot-starter\7.23.0\camunda-bpm-spring-boot-starter-7.23.0.jar;C:\Users\MSI\.m2\repository\org\camunda\bpm\camunda-engine-spring-6\7.23.0\camunda-engine-spring-6-7.23.0.jar;C:\Users\MSI\.m2\repository\org\camunda\bpm\camunda-engine\7.23.0\camunda-engine-7.23.0.jar;C:\Users\MSI\.m2\repository\org\camunda\bpm\model\camunda-bpmn-model\7.23.0\camunda-bpmn-model-7.23.0.jar;C:\Users\MSI\.m2\repository\org\camunda\bpm\model\camunda-xml-model\7.23.0\camunda-xml-model-7.23.0.jar;C:\Users\MSI\.m2\repository\org\camunda\bpm\model\camunda-cmmn-model\7.23.0\camunda-cmmn-model-7.23.0.jar;C:\Users\MSI\.m2\repository\org\camunda\bpm\juel\camunda-juel\7.23.0\camunda-juel-7.23.0.jar;C:\Users\MSI\.m2\repository\org\camunda\bpm\dmn\camunda-engine-dmn\7.23.0\camunda-engine-dmn-7.23.0.jar;C:\Users\MSI\.m2\repository\org\camunda\bpm\model\camunda-dmn-model\7.23.0\camunda-dmn-model-7.23.0.jar;C:\Users\MSI\.m2\repository\org\camunda\bpm\dmn\camunda-engine-feel-api\7.23.0\camunda-engine-feel-api-7.23.0.jar;C:\Users\MSI\.m2\repository\org\camunda\bpm\dmn\camunda-engine-feel-juel\7.23.0\camunda-engine-feel-juel-7.23.0.jar;C:\Users\MSI\.m2\repository\org\camunda\bpm\dmn\camunda-engine-feel-scala\7.23.0\camunda-engine-feel-scala-7.23.0.jar;C:\Users\MSI\.m2\repository\org\camunda\feel\feel-engine\1.19.1\feel-engine-1.19.1-scala-shaded.jar;C:\Users\MSI\.m2\repository\org\camunda\commons\camunda-commons-typed-values\7.23.0\camunda-commons-typed-values-7.23.0.jar;C:\Users\MSI\.m2\repository\org\mybatis\mybatis\3.5.15\mybatis-3.5.15.jar;C:\Users\MSI\.m2\repository\joda-time\joda-time\2.12.5\joda-time-2.12.5.jar;C:\Users\MSI\.m2\repository\org\springframework\spring-orm\6.2.5\spring-orm-6.2.5.jar;C:\Users\MSI\.m2\repository\org\apache\commons\commons-lang3\3.17.0\commons-lang3-3.17.0.jar;C:\Users\MSI\.m2\repository\com\fasterxml\uuid\java-uuid-generator\4.3.0\java-uuid-generator-4.3.0.jar;C:\Users\MSI\.m2\repository\com\sun\xml\bind\jaxb-impl\4.0.5\jaxb-impl-4.0.5.jar;C:\Users\MSI\.m2\repository\com\sun\xml\bind\jaxb-core\4.0.5\jaxb-core-4.0.5.jar;C:\Users\MSI\.m2\repository\org\eclipse\angus\angus-activation\2.0.2\angus-activation-2.0.2.jar;C:\Users\MSI\.m2\repository\org\camunda\bpm\webapp\camunda-webapp-jakarta\7.23.0\camunda-webapp-jakarta-7.23.0-classes.jar;C:\Users\MSI\.m2\repository\com\fasterxml\jackson\jakarta\rs\jackson-jakarta-rs-json-provider\2.18.3\jackson-jakarta-rs-json-provider-2.18.3.jar;C:\Users\MSI\.m2\repository\com\fasterxml\jackson\jakarta\rs\jackson-jakarta-rs-base\2.18.3\jackson-jakarta-rs-base-2.18.3.jar;C:\Users\MSI\.m2\repository\com\fasterxml\jackson\module\jackson-module-jakarta-xmlbind-annotations\2.18.3\jackson-module-jakarta-xmlbind-annotations-2.18.3.jar;C:\Users\MSI\.m2\repository\org\camunda\bpm\camunda-engine-rest-core-jakarta\7.23.0\camunda-engine-rest-core-jakarta-7.23.0.jar;C:\Users\MSI\.m2\repository\commons-fileupload\commons-fileupload\1.5\commons-fileupload-1.5.jar;C:\Users\MSI\.m2\repository\commons-io\commons-io\2.17.0\commons-io-2.17.0.jar;C:\Users\MSI\.m2\repository\org\springframework\boot\spring-boot-starter-jersey\3.4.4\spring-boot-starter-jersey-3.4.4.jar;C:\Users\MSI\.m2\repository\org\springframework\boot\spring-boot-starter-validation\3.4.4\spring-boot-starter-validation-3.4.4.jar;C:\Users\MSI\.m2\repository\org\hibernate\validator\hibernate-validator\8.0.2.Final\hibernate-validator-8.0.2.Final.jar;C:\Users\MSI\.m2\repository\com\fasterxml\classmate\1.7.0\classmate-1.7.0.jar;C:\Users\MSI\.m2\repository\org\glassfish\jersey\containers\jersey-container-servlet-core\3.1.10\jersey-container-servlet-core-3.1.10.jar;C:\Users\MSI\.m2\repository\jakarta\inject\jakarta.inject-api\2.0.1\jakarta.inject-api-2.0.1.jar;C:\Users\MSI\.m2\repository\org\glassfish\jersey\core\jersey-common\3.1.10\jersey-common-3.1.10.jar;C:\Users\MSI\.m2\repository\org\glassfish\hk2\osgi-resource-locator\1.0.3\osgi-resource-locator-1.0.3.jar;C:\Users\MSI\.m2\repository\jakarta\ws\rs\jakarta.ws.rs-api\3.1.0\jakarta.ws.rs-api-3.1.0.jar;C:\Users\MSI\.m2\repository\org\glassfish\jersey\containers\jersey-container-servlet\3.1.10\jersey-container-servlet-3.1.10.jar;C:\Users\MSI\.m2\repository\org\glassfish\jersey\core\jersey-server\3.1.10\jersey-server-3.1.10.jar;C:\Users\MSI\.m2\repository\org\glassfish\jersey\core\jersey-client\3.1.10\jersey-client-3.1.10.jar;C:\Users\MSI\.m2\repository\jakarta\validation\jakarta.validation-api\3.0.2\jakarta.validation-api-3.0.2.jar;C:\Users\MSI\.m2\repository\org\glassfish\jersey\ext\jersey-bean-validation\3.1.10\jersey-bean-validation-3.1.10.jar;C:\Users\MSI\.m2\repository\org\jboss\logging\jboss-logging\3.6.1.Final\jboss-logging-3.6.1.Final.jar;C:\Users\MSI\.m2\repository\org\glassfish\expressly\expressly\5.0.0\expressly-5.0.0.jar;C:\Users\MSI\.m2\repository\org\glassfish\jersey\ext\jersey-spring6\3.1.10\jersey-spring6-3.1.10.jar;C:\Users\MSI\.m2\repository\org\glassfish\jersey\inject\jersey-hk2\3.1.10\jersey-hk2-3.1.10.jar;C:\Users\MSI\.m2\repository\org\glassfish\hk2\hk2-locator\3.0.6\hk2-locator-3.0.6.jar;C:\Users\MSI\.m2\repository\org\glassfish\hk2\external\aopalliance-repackaged\3.0.6\aopalliance-repackaged-3.0.6.jar;C:\Users\MSI\.m2\repository\org\javassist\javassist\3.30.2-GA\javassist-3.30.2-GA.jar;C:\Users\MSI\.m2\repository\org\glassfish\hk2\hk2\3.0.6\hk2-3.0.6.jar;C:\Users\MSI\.m2\repository\org\glassfish\hk2\hk2-utils\3.0.6\hk2-utils-3.0.6.jar;C:\Users\MSI\.m2\repository\org\glassfish\hk2\hk2-api\3.0.6\hk2-api-3.0.6.jar;C:\Users\MSI\.m2\repository\org\glassfish\hk2\hk2-core\3.0.6\hk2-core-3.0.6.jar;C:\Users\MSI\.m2\repository\org\glassfish\hk2\hk2-runlevel\3.0.6\hk2-runlevel-3.0.6.jar;C:\Users\MSI\.m2\repository\org\glassfish\hk2\class-model\3.0.6\class-model-3.0.6.jar;C:\Users\MSI\.m2\repository\org\ow2\asm\asm-commons\9.6\asm-commons-9.6.jar;C:\Users\MSI\.m2\repository\org\glassfish\hk2\spring-bridge\3.0.6\spring-bridge-3.0.6.jar;C:\Users\MSI\.m2\repository\org\glassfish\jersey\media\jersey-media-json-jackson\3.1.10\jersey-media-json-jackson-3.1.10.jar;C:\Users\MSI\.m2\repository\org\glassfish\jersey\ext\jersey-entity-filtering\3.1.10\jersey-entity-filtering-3.1.10.jar;C:\Users\MSI\.m2\repository\jakarta\xml\bind\jakarta.xml.bind-api\4.0.2\jakarta.xml.bind-api-4.0.2.jar;C:\Users\MSI\.m2\repository\jakarta\activation\jakarta.activation-api\2.1.3\jakarta.activation-api-2.1.3.jar;C:\Users\MSI\.m2\repository\org\camunda\bpm\webapp\camunda-webapp-webjar\7.23.0\camunda-webapp-webjar-7.23.0.jar;C:\Users\MSI\.m2\repository\org\springframework\boot\spring-boot-starter-web\3.4.4\spring-boot-starter-web-3.4.4.jar;C:\Users\MSI\.m2\repository\org\springframework\boot\spring-boot-starter\3.4.4\spring-boot-starter-3.4.4.jar;C:\Users\MSI\.m2\repository\org\springframework\boot\spring-boot\3.4.4\spring-boot-3.4.4.jar;C:\Users\MSI\.m2\repository\org\springframework\boot\spring-boot-autoconfigure\3.4.4\spring-boot-autoconfigure-3.4.4.jar;C:\Users\MSI\.m2\repository\org\springframework\boot\spring-boot-starter-logging\3.4.4\spring-boot-starter-logging-3.4.4.jar;C:\Users\MSI\.m2\repository\ch\qos\logback\logback-classic\1.5.18\logback-classic-1.5.18.jar;C:\Users\MSI\.m2\repository\ch\qos\logback\logback-core\1.5.18\logback-core-1.5.18.jar;C:\Users\MSI\.m2\repository\org\apache\logging\log4j\log4j-to-slf4j\2.24.3\log4j-to-slf4j-2.24.3.jar;C:\Users\MSI\.m2\repository\org\apache\logging\log4j\log4j-api\2.24.3\log4j-api-2.24.3.jar;C:\Users\MSI\.m2\repository\org\slf4j\jul-to-slf4j\2.0.17\jul-to-slf4j-2.0.17.jar;C:\Users\MSI\.m2\repository\jakarta\annotation\jakarta.annotation-api\2.1.1\jakarta.annotation-api-2.1.1.jar;C:\Users\MSI\.m2\repository\org\springframework\spring-core\6.2.5\spring-core-6.2.5.jar;C:\Users\MSI\.m2\repository\org\springframework\spring-jcl\6.2.5\spring-jcl-6.2.5.jar;C:\Users\MSI\.m2\repository\org\yaml\snakeyaml\2.3\snakeyaml-2.3.jar;C:\Users\MSI\.m2\repository\org\springframework\boot\spring-boot-starter-json\3.4.4\spring-boot-starter-json-3.4.4.jar;C:\Users\MSI\.m2\repository\com\fasterxml\jackson\core\jackson-databind\2.18.3\jackson-databind-2.18.3.jar;C:\Users\MSI\.m2\repository\com\fasterxml\jackson\core\jackson-annotations\2.18.3\jackson-annotations-2.18.3.jar;C:\Users\MSI\.m2\repository\com\fasterxml\jackson\core\jackson-core\2.18.3\jackson-core-2.18.3.jar;C:\Users\MSI\.m2\repository\com\fasterxml\jackson\datatype\jackson-datatype-jdk8\2.18.3\jackson-datatype-jdk8-2.18.3.jar;C:\Users\MSI\.m2\repository\com\fasterxml\jackson\datatype\jackson-datatype-jsr310\2.18.3\jackson-datatype-jsr310-2.18.3.jar;C:\Users\MSI\.m2\repository\com\fasterxml\jackson\module\jackson-module-parameter-names\2.18.3\jackson-module-parameter-names-2.18.3.jar;C:\Users\MSI\.m2\repository\org\springframework\boot\spring-boot-starter-tomcat\3.4.4\spring-boot-starter-tomcat-3.4.4.jar;C:\Users\MSI\.m2\repository\org\apache\tomcat\embed\tomcat-embed-core\10.1.39\tomcat-embed-core-10.1.39.jar;C:\Users\MSI\.m2\repository\org\apache\tomcat\embed\tomcat-embed-el\10.1.39\tomcat-embed-el-10.1.39.jar;C:\Users\MSI\.m2\repository\org\apache\tomcat\embed\tomcat-embed-websocket\10.1.39\tomcat-embed-websocket-10.1.39.jar;C:\Users\MSI\.m2\repository\org\springframework\spring-web\6.2.5\spring-web-6.2.5.jar;C:\Users\MSI\.m2\repository\org\springframework\spring-beans\6.2.5\spring-beans-6.2.5.jar;C:\Users\MSI\.m2\repository\io\micrometer\micrometer-observation\1.14.5\micrometer-observation-1.14.5.jar;C:\Users\MSI\.m2\repository\io\micrometer\micrometer-commons\1.14.5\micrometer-commons-1.14.5.jar;C:\Users\MSI\.m2\repository\org\springframework\spring-webmvc\6.2.5\spring-webmvc-6.2.5.jar;C:\Users\MSI\.m2\repository\org\springframework\spring-aop\6.2.5\spring-aop-6.2.5.jar;C:\Users\MSI\.m2\repository\org\springframework\spring-context\6.2.5\spring-context-6.2.5.jar;C:\Users\MSI\.m2\repository\org\springframework\spring-expression\6.2.5\spring-expression-6.2.5.jar;C:\Users\MSI\.m2\repository\com\h2database\h2\2.3.232\h2-2.3.232.jar;C:\Users\MSI\.m2\repository\org\springframework\boot\spring-boot-starter-jdbc\3.4.4\spring-boot-starter-jdbc-3.4.4.jar;C:\Users\MSI\.m2\repository\com\zaxxer\HikariCP\5.1.0\HikariCP-5.1.0.jar;C:\Users\MSI\.m2\repository\org\slf4j\slf4j-api\2.0.17\slf4j-api-2.0.17.jar;C:\Users\MSI\.m2\repository\org\springframework\spring-jdbc\6.2.5\spring-jdbc-6.2.5.jar;C:\Users\MSI\.m2\repository\org\springframework\spring-tx\6.2.5\spring-tx-6.2.5.jar;C:\Users\MSI\.m2\repository\org\camunda\bpm\camunda-engine-plugin-connect\7.23.0\camunda-engine-plugin-connect-7.23.0.jar;C:\Users\MSI\.m2\repository\org\camunda\connect\camunda-connect-core\7.23.0\camunda-connect-core-7.23.0.jar;C:\Users\MSI\.m2\repository\org\camunda\commons\camunda-commons-logging\7.23.0\camunda-commons-logging-7.23.0.jar;C:\Users\MSI\.m2\repository\org\camunda\commons\camunda-commons-utils\7.23.0\camunda-commons-utils-7.23.0.jar;C:\Users\MSI\.m2\repository\org\camunda\connect\camunda-connect-http-client\7.23.0\camunda-connect-http-client-7.23.0.jar;C:\Users\MSI\.m2\repository\org\apache\httpcomponents\httpclient\4.5.14\httpclient-4.5.14.jar;C:\Users\MSI\.m2\repository\org\apache\httpcomponents\httpcore\4.4.16\httpcore-4.4.16.jar;C:\Users\MSI\.m2\repository\commons-logging\commons-logging\1.2\commons-logging-1.2.jar;C:\Users\MSI\.m2\repository\commons-codec\commons-codec\1.17.2\commons-codec-1.17.2.jar;C:\Users\MSI\.m2\repository\org\codehaus\groovy\groovy\3.0.24\groovy-3.0.24.jar;C:\Users\MSI\.m2\repository\org\codehaus\groovy\groovy-ant\3.0.24\groovy-ant-3.0.24.jar;C:\Users\MSI\.m2\repository\org\apache\ant\ant\1.10.15\ant-1.10.15.jar;C:\Users\MSI\.m2\repository\org\apache\ant\ant-junit\1.10.15\ant-junit-1.10.15.jar;C:\Users\MSI\.m2\repository\org\apache\ant\ant-launcher\1.10.15\ant-launcher-1.10.15.jar;C:\Users\MSI\.m2\repository\org\apache\ant\ant-antlr\1.10.15\ant-antlr-1.10.15.jar;C:\Users\MSI\.m2\repository\org\codehaus\groovy\groovy-astbuilder\3.0.24\groovy-astbuilder-3.0.24.jar;C:\Users\MSI\.m2\repository\org\codehaus\groovy\groovy-cli-picocli\3.0.24\groovy-cli-picocli-3.0.24.jar;C:\Users\MSI\.m2\repository\info\picocli\picocli\4.6.3\picocli-4.6.3.jar;C:\Users\MSI\.m2\repository\org\codehaus\groovy\groovy-console\3.0.24\groovy-console-3.0.24.jar;C:\Users\MSI\.m2\repository\org\codehaus\groovy\groovy-datetime\3.0.24\groovy-datetime-3.0.24.jar;C:\Users\MSI\.m2\repository\org\codehaus\groovy\groovy-docgenerator\3.0.24\groovy-docgenerator-3.0.24.jar;C:\Users\MSI\.m2\repository\com\thoughtworks\qdox\qdox\1.12.1\qdox-1.12.1.jar;C:\Users\MSI\.m2\repository\org\codehaus\groovy\groovy-groovydoc\3.0.24\groovy-groovydoc-3.0.24.jar;C:\Users\MSI\.m2\repository\com\github\javaparser\javaparser-core\3.25.6\javaparser-core-3.25.6.jar;C:\Users\MSI\.m2\repository\org\codehaus\groovy\groovy-groovysh\3.0.24\groovy-groovysh-3.0.24.jar;C:\Users\MSI\.m2\repository\jline\jline\2.14.6\jline-2.14.6.jar;C:\Users\MSI\.m2\repository\org\codehaus\groovy\groovy-jmx\3.0.24\groovy-jmx-3.0.24.jar;C:\Users\MSI\.m2\repository\org\codehaus\groovy\groovy-json\3.0.24\groovy-json-3.0.24.jar;C:\Users\MSI\.m2\repository\org\codehaus\groovy\groovy-jsr223\3.0.24\groovy-jsr223-3.0.24.jar;C:\Users\MSI\.m2\repository\org\codehaus\groovy\groovy-macro\3.0.24\groovy-macro-3.0.24.jar;C:\Users\MSI\.m2\repository\org\codehaus\groovy\groovy-nio\3.0.24\groovy-nio-3.0.24.jar;C:\Users\MSI\.m2\repository\org\codehaus\groovy\groovy-servlet\3.0.24\groovy-servlet-3.0.24.jar;C:\Users\MSI\.m2\repository\org\codehaus\groovy\groovy-sql\3.0.24\groovy-sql-3.0.24.jar;C:\Users\MSI\.m2\repository\org\codehaus\groovy\groovy-swing\3.0.24\groovy-swing-3.0.24.jar;C:\Users\MSI\.m2\repository\org\codehaus\groovy\groovy-templates\3.0.24\groovy-templates-3.0.24.jar;C:\Users\MSI\.m2\repository\org\codehaus\groovy\groovy-test\3.0.24\groovy-test-3.0.24.jar;C:\Users\MSI\.m2\repository\junit\junit\4.13.2\junit-4.13.2.jar;C:\Users\MSI\.m2\repository\org\hamcrest\hamcrest-core\2.2\hamcrest-core-2.2.jar;C:\Users\MSI\.m2\repository\org\hamcrest\hamcrest\2.2\hamcrest-2.2.jar;C:\Users\MSI\.m2\repository\org\codehaus\groovy\groovy-test-junit5\3.0.24\groovy-test-junit5-3.0.24.jar;C:\Users\MSI\.m2\repository\org\junit\jupiter\junit-jupiter-api\5.11.4\junit-jupiter-api-5.11.4.jar;C:\Users\MSI\.m2\repository\org\opentest4j\opentest4j\1.3.0\opentest4j-1.3.0.jar;C:\Users\MSI\.m2\repository\org\junit\platform\junit-platform-launcher\1.11.4\junit-platform-launcher-1.11.4.jar;C:\Users\MSI\.m2\repository\org\junit\platform\junit-platform-engine\1.11.4\junit-platform-engine-1.11.4.jar;C:\Users\MSI\.m2\repository\org\junit\platform\junit-platform-commons\1.11.4\junit-platform-commons-1.11.4.jar;C:\Users\MSI\.m2\repository\org\junit\jupiter\junit-jupiter-engine\5.11.4\junit-jupiter-engine-5.11.4.jar;C:\Users\MSI\.m2\repository\org\codehaus\groovy\groovy-testng\3.0.24\groovy-testng-3.0.24.jar;C:\Users\MSI\.m2\repository\org\testng\testng\7.5.1\testng-7.5.1.jar;C:\Users\MSI\.m2\repository\com\beust\jcommander\1.78\jcommander-1.78.jar;C:\Users\MSI\.m2\repository\org\webjars\jquery\3.5.1\jquery-3.5.1.jar;C:\Users\MSI\.m2\repository\org\codehaus\groovy\groovy-xml\3.0.24\groovy-xml-3.0.24.jar;C:\Program Files\JetBrains\IntelliJ IDEA 2024.3.4\lib\idea_rt.jar
Launcher Type: SUN_STANDARD

[Global flags]
     intx CICompilerCount                          = 4                                         {product} {ergonomic}
     uint ConcGCThreads                            = 3                                         {product} {ergonomic}
     uint G1ConcRefinementThreads                  = 10                                        {product} {ergonomic}
   size_t G1HeapRegionSize                         = 2097152                                   {product} {ergonomic}
    uintx GCDrainStackTargetSize                   = 64                                        {product} {ergonomic}
   size_t InitialHeapSize                          = 266338304                                 {product} {ergonomic}
     bool ManagementServer                         = true                                      {product} {command line}
   size_t MarkStackSize                            = 4194304                                   {product} {ergonomic}
   size_t MaxHeapSize                              = 4248829952                                {product} {ergonomic}
   size_t MaxNewSize                               = 2548039680                                {product} {ergonomic}
   size_t MinHeapDeltaBytes                        = 2097152                                   {product} {ergonomic}
   size_t MinHeapSize                              = 8388608                                   {product} {ergonomic}
    uintx NonProfiledCodeHeapSize                  = 0                                      {pd product} {ergonomic}
     bool ProfileInterpreter                       = false                                  {pd product} {command line}
    uintx ProfiledCodeHeapSize                     = 0                                      {pd product} {ergonomic}
   size_t SoftMaxHeapSize                          = 4248829952                             {manageable} {ergonomic}
     intx TieredStopAtLevel                        = 1                                         {product} {command line}
     bool UseCompressedClassPointers               = true                           {product lp64_product} {ergonomic}
     bool UseCompressedOops                        = true                           {product lp64_product} {ergonomic}
     bool UseG1GC                                  = true                                      {product} {ergonomic}
     bool UseLargePagesIndividualAllocation        = false                                  {pd product} {ergonomic}

Logging:
Log output configuration:
 #0: stdout all=warning uptime,level,tags foldmultilines=false
 #1: stderr all=off uptime,level,tags foldmultilines=false

Environment Variables:
JAVA_HOME=C:\Program Files\Java\jdk-17.0.1
PATH=C:\Program Files\Java\jdk-17.0.1\bin;C:\Program Files\Common Files\Oracle\Java\javapath;C:\Program Files (x86)\Common Files\Oracle\Java\javapath;C:\Program Files (x86)\VMware\VMware Workstation\bin\;C:\oraclexe\app\oracle\product\10.2.0\server\BIN;C:\Windows\System32;C:\Windows;C:\Windows\System32\wbem;C:\Windows\System32\WindowsPowerShell\v1.0\;C:\Windows\System32\OpenSSH\;C:\Program Files (x86)\NVIDIA Corporation\PhysX\Common;C:\Program Files\PostgreSQL\14\bin;C:\xampp\php;C:\ProgramData\ComposerSetup\bin;C:\Program Files\Git\cmd;C:\Program Files\Microsoft SQL Server\150\Tools\Binn\;C:\Program Files\nodejs\;C:\Users\MSI\AppData\Local\Android\Sdk\platform-tools;C:\WINDOWS\system32;C:\WINDOWS;C:\WINDOWS\System32\Wbem;C:\WINDOWS\System32\WindowsPowerShell\v1.0\;C:\WINDOWS\System32\OpenSSH\;C:\Program Files\dotnet\;C:\Program Files (x86)\Windows Kits\10\Windows Performance Toolkit\;C:\Program Files\Java\jdk-17.0.1\bin;C:\Program Files\Java\jdk-17.0.1\bin;C:\Program Files\Common Files\Oracle\Java\javapath;C:\Program Files (x86)\Common Files\Oracle\Java\javapath;C:\Program Files (x86)\VMware\VMware Workstation\bin\;C:\oraclexe\app\oracle\product\10.2.0\server\BIN;C:\Windows\System32;C:\Windows;C:\Windows\System32\wbem;C:\Windows\System32\WindowsPowerShell\v1.0\;C:\Windows\System32\OpenSSH\;C:\Program Files (x86)\NVIDIA Corporation\PhysX\Common;C:\Program Files\PostgreSQL\14\bin;C:\xampp\php;C:\ProgramData\ComposerSetup\bin;C:\Program Files\Git\cmd;C:\Program Files\Microsoft SQL Server\150\Tools\Binn\;C:\Program Files\nodejs\;C:\Users\MSI\AppData\Local\Android\Sdk\platform-tools;C:\WINDOWS\system32;C:\WINDOWS;C:\WINDOWS\System32\Wbem;C:\WINDOWS\System32\WindowsPowerShell\v1.0\;C:\WINDOWS\System32\OpenSSH\;C:\Program Files\dotnet\;C:\Program Files (x86)\Windows Kits\10\Windows Performance Toolkit\;;C:\Users\MSI\AppData\Local\Programs\Microsoft VS Code\bin
USERNAME=MSI
OS=Windows_NT
PROCESSOR_IDENTIFIER=Intel64 Family 6 Model 165 Stepping 2, GenuineIntel



---------------  S Y S T E M  ---------------

OS:
 Windows 11 , 64 bit Build 26100 (10.0.26100.3775)
OS uptime: 4 days 21:05 hours
Hyper-V role detected

CPU: total 12 (initial active 12) (6 cores per cpu, 2 threads per core) family 6 model 165 stepping 2 microcode 0xe2, cx8, cmov, fxsr, ht, mmx, 3dnowpref, sse, sse2, sse3, ssse3, sse4.1, sse4.2, popcnt, lzcnt, tsc, tscinvbit, avx, avx2, aes, erms, clmul, bmi1, bmi2, adx, fma, vzeroupper, clflush, clflushopt, hv

Memory: 4k page, system-wide physical 16201M (1208M free)
TotalPageFile size 23070M (AvailPageFile size 15M)
current process WorkingSet (physical memory assigned to process): 376M, peak: 381M
current process commit charge ("private bytes"): 437M, peak: 501M

vm_info: OpenJDK 64-Bit Server VM (18.0.2+9-FR) for windows-amd64 JRE (18.0.2+9-FR), built on Jul 15 2022 20:03:03 by "Administrator" with MS VC++ 15.9 (VS2017)

END.
